

Microchip Technology PIC LITE Macro Assembler V1.21 build 54009 
                                                                                               Fri Aug 21 20:56:58 2015

Microchip Technology Omniscient Code Generator (Lite mode) build 54009
     1                           	processor	12F683
     2                           	opt	pw 120
     3                           	opt	lm
     4                           	psect	text0,local,class=CODE,merge=1,delta=2
     5                           	psect	cinit,global,class=CODE,merge=1,delta=2
     6                           	psect	bssBANK0,global,class=BANK0,space=1,delta=1
     7                           	psect	cstackCOMMON,global,class=COMMON,space=1,delta=1
     8                           	psect	cstackBANK0,global,class=BANK0,space=1,delta=1
     9                           	psect	maintext,global,class=CODE,split=1,delta=2
    10                           	psect	text1,local,class=CODE,merge=1,delta=2
    11                           	psect	text2,local,class=CODE,merge=1,delta=2
    12                           	psect	text3,local,class=CODE,merge=1,delta=2
    13                           	psect	text4,local,class=CODE,merge=1,delta=2
    14                           	psect	text5,local,class=CODE,merge=1,delta=2
    15                           	psect	text6,local,class=CODE,merge=1,delta=2
    16                           	psect	text7,local,class=CODE,merge=1,delta=2
    17                           	psect	text8,local,class=CODE,merge=1,delta=2
    18                           	psect	text9,local,class=CODE,merge=1,delta=2
    19                           	dabs	1,0x7E,2
    20  0000                     	;# 
    21  0001                     	;# 
    22  0002                     	;# 
    23  0003                     	;# 
    24  0004                     	;# 
    25  0005                     	;# 
    26  000A                     	;# 
    27  000B                     	;# 
    28  000C                     	;# 
    29  000E                     	;# 
    30  000E                     	;# 
    31  000F                     	;# 
    32  0010                     	;# 
    33  0011                     	;# 
    34  0012                     	;# 
    35  0013                     	;# 
    36  0013                     	;# 
    37  0014                     	;# 
    38  0015                     	;# 
    39  0018                     	;# 
    40  0019                     	;# 
    41  001A                     	;# 
    42  001E                     	;# 
    43  001F                     	;# 
    44  0081                     	;# 
    45  0085                     	;# 
    46  008C                     	;# 
    47  008E                     	;# 
    48  008F                     	;# 
    49  0090                     	;# 
    50  0092                     	;# 
    51  0095                     	;# 
    52  0095                     	;# 
    53  0096                     	;# 
    54  0096                     	;# 
    55  0099                     	;# 
    56  009A                     	;# 
    57  009A                     	;# 
    58  009B                     	;# 
    59  009C                     	;# 
    60  009D                     	;# 
    61  009E                     	;# 
    62  009F                     	;# 
    63  001F                     _ADCON0bits	set	31
    64  001E                     _ADRESH	set	30
    65  0015                     _CCP1CONbits	set	21
    66  0013                     _CCPR1L	set	19
    67  0005                     _GPIObits	set	5
    68  0012                     _T2CONbits	set	18
    69  0018                     _WDTCONbits	set	24
    70  009E                     _ADRESL	set	158
    71  009F                     _ANSELbits	set	159
    72  008F                     _OSCCONbits	set	143
    73  0092                     _PR2	set	146
    74  0085                     _TRISIObits	set	133
    75                           
    76                           	psect	text0
    77  0000                     __ptext0:	
    78                           
    79                           ;psect for function _SetupOscillator
    80                           ; #config settings
    81  0000                     
    82                           	psect	cinit
    83  07F7                     start_initialization:	
    84  07F7                     __initialization:	
    85                           
    86                           ; Clear objects allocated to BANK0
    87  07F7  01A0               	clrf	__pbssBANK0& (0+127)
    88  07F8  01A1               	clrf	(__pbssBANK0+1)& (0+127)
    89  07F9  01A2               	clrf	(__pbssBANK0+2)& (0+127)
    90  07FA  01A3               	clrf	(__pbssBANK0+3)& (0+127)
    91  07FB  01A4               	clrf	(__pbssBANK0+4)& (0+127)
    92  07FC  01A5               	clrf	(__pbssBANK0+5)& (0+127)
    93  07FD  01A6               	clrf	(__pbssBANK0+6)& (0+127)
    94  07FE                     end_of_initialization:	
    95                           ;End of C runtime variable initialization code
    96                           
    97  07FE                     __end_of__initialization:	
    98  07FE  0183               	clrf	3
    99  07FF  2EE2               	ljmp	_main	;jump to C main() function
   100                           
   101                           	psect	bssBANK0
   102  0020                     __pbssBANK0:	
   103  0020                     _adcValue:	
   104  0020                     	ds	2
   105  0022                     _delayLooper:	
   106  0022                     	ds	2
   107  0024                     _fanSpeed:	
   108  0024                     	ds	2
   109  0026                     _tempDegF:	
   110  0026                     	ds	1
   111                           
   112                           	psect	cstackCOMMON
   113  0070                     __pcstackCOMMON:	
   114  0070                     ?_SetupOscillator:	
   115  0070                     ??_SetupOscillator:	
   116                           ; 0 bytes @ 0x0
   117                           
   118  0070                     ?_SetupPinIO:	
   119                           ; 0 bytes @ 0x0
   120                           
   121  0070                     ??_SetupPinIO:	
   122                           ; 0 bytes @ 0x0
   123                           
   124  0070                     ?_SetupADC:	
   125                           ; 0 bytes @ 0x0
   126                           
   127  0070                     ??_SetupADC:	
   128                           ; 0 bytes @ 0x0
   129                           
   130  0070                     ?_SetupPWM:	
   131                           ; 0 bytes @ 0x0
   132                           
   133  0070                     ??_SetupPWM:	
   134                           ; 0 bytes @ 0x0
   135                           
   136  0070                     ?_rampToSpeed:	
   137                           ; 0 bytes @ 0x0
   138                           
   139  0070                     ?_readADC:	
   140                           ; 0 bytes @ 0x0
   141                           
   142  0070                     ?___wmul:	
   143                           ; 2 bytes @ 0x0
   144                           
   145  0070                     rampToSpeed@targetSpeed:	
   146                           ; 2 bytes @ 0x0
   147                           
   148  0070                     ___wmul@multiplier:	
   149                           ; 2 bytes @ 0x0
   150                           
   151                           
   152                           ; 2 bytes @ 0x0
   153  0070                     	ds	2
   154  0072                     ??_readADC:	
   155  0072                     ??_rampToSpeed:	
   156                           ; 0 bytes @ 0x2
   157                           
   158  0072                     ___wmul@multiplicand:	
   159                           ; 0 bytes @ 0x2
   160                           
   161                           
   162                           ; 2 bytes @ 0x2
   163  0072                     	ds	2
   164  0074                     ??___wmul:	
   165  0074                     readADC@result:	
   166                           ; 0 bytes @ 0x4
   167                           
   168  0074                     ___wmul@product:	
   169                           ; 2 bytes @ 0x4
   170                           
   171                           
   172                           ; 2 bytes @ 0x4
   173  0074                     	ds	2
   174  0076                     ?_mapToDegF:	
   175  0076                     ?_getFanSpeed:	
   176                           ; 1 bytes @ 0x6
   177                           
   178  0076                     mapToDegF@adc:	
   179                           ; 2 bytes @ 0x6
   180                           
   181  0076                     rampToSpeed@command:	
   182                           ; 2 bytes @ 0x6
   183                           
   184                           
   185                           ; 2 bytes @ 0x6
   186  0076                     	ds	2
   187  0078                     ??_mapToDegF:	
   188  0078                     ??_getFanSpeed:	
   189                           ; 0 bytes @ 0x8
   190                           
   191  0078                     rampToSpeed@currentSpeed:	
   192                           ; 0 bytes @ 0x8
   193                           
   194                           
   195                           ; 2 bytes @ 0x8
   196  0078                     	ds	2
   197  007A                     mapToDegF@result:	
   198  007A                     getFanSpeed@fanSpeed:	
   199                           ; 2 bytes @ 0xA
   200                           
   201                           
   202                           ; 2 bytes @ 0xA
   203  007A                     	ds	2
   204  007C                     getFanSpeed@tempF:	
   205                           
   206                           ; 1 bytes @ 0xC
   207  007C                     	ds	1
   208  007D                     ??_main:	
   209                           
   210                           ; 0 bytes @ 0xD
   211  007D                     	ds	1
   212                           
   213                           	psect	cstackBANK0
   214  0027                     __pcstackBANK0:	
   215  0027                     ?_main:	
   216  0027                     main@argc:	
   217                           ; 2 bytes @ 0x0
   218                           
   219                           
   220                           ; 2 bytes @ 0x0
   221  0027                     	ds	2
   222  0029                     main@argv:	
   223                           
   224                           ; 2 bytes @ 0x2
   225  0029                     	ds	2
   226                           
   227                           	psect	maintext
   228  06E2                     __pmaintext:	
   229 ;;
   230 ;;Main: autosize = 0, tempsize = 1, incstack = 0, save=0
   231 ;;
   232 ;; *************** function _main *****************
   233 ;; Defined at:
   234 ;;		line 151 in file "D:/Programming/LocalGit/FanController/FanController.X/main.c"
   235 ;; Parameters:    Size  Location     Type
   236 ;;  argc            2    0[BANK0 ] int 
   237 ;;  argv            2    2[BANK0 ] PTR PTR unsigned char 
   238 ;; Auto vars:     Size  Location     Type
   239 ;;		None
   240 ;; Return value:  Size  Location     Type
   241 ;;                  2    0[BANK0 ] int 
   242 ;; Registers used:
   243 ;;		wreg, status,2, status,0, btemp+1, pclath, cstack
   244 ;; Tracked objects:
   245 ;;		On entry : 17F/0
   246 ;;		On exit  : 0/0
   247 ;;		Unchanged: 0/0
   248 ;; Data sizes:     COMMON   BANK0   BANK1
   249 ;;      Params:         0       4       0
   250 ;;      Locals:         0       0       0
   251 ;;      Temps:          1       0       0
   252 ;;      Totals:         1       4       0
   253 ;;Total ram usage:        5 bytes
   254 ;; Hardware stack levels required when called:    2
   255 ;; This function calls:
   256 ;;		_SetupOscillator
   257 ;;		_SetupPinIO
   258 ;;		_SetupADC
   259 ;;		_SetupPWM
   260 ;;		_readADC
   261 ;;		_mapToDegF
   262 ;;		_getFanSpeed
   263 ;;		_rampToSpeed
   264 ;; This function is called by:
   265 ;;		Startup code after reset
   266 ;; This function uses a non-reentrant model
   267 ;;
   268                           
   269                           
   270                           ;psect for function _main
   271  06E2                     _main:	
   272                           
   273                           ;main.c: 152: SetupOscillator();
   274                           
   275                           ;incstack = 0
   276                           ; Regs used in _main: [wreg+status,2+status,0+btemp+1+pclath+cstack]
   277  06E2  2676               	fcall	_SetupOscillator
   278                           
   279                           ;main.c: 153: SetupPinIO();
   280  06E3  265F               	fcall	_SetupPinIO
   281                           
   282                           ;main.c: 154: SetupPWM();
   283  06E4  2686               	fcall	_SetupPWM
   284                           
   285                           ;main.c: 155: SetupADC();
   286  06E5  266A               	fcall	_SetupADC
   287                           
   288                           ;main.c: 157: GPIObits.GP4 = 1;
   289  06E6  1283               	bcf	3,5	;RP0=0, select bank0
   290  06E7  1605               	bsf	5,4	;volatile
   291                           
   292                           ;main.c: 158: GPIObits.GP5 = 1;
   293  06E8  1685               	bsf	5,5	;volatile
   294                           
   295                           ;main.c: 159: GPIObits.GP1 = 1;
   296  06E9  1485               	bsf	5,1	;volatile
   297  06EA                     l79:	
   298                           ;main.c: 161: while(1)
   299                           
   300  06EA  0064               	clrwdt	;# 
   301                           
   302                           ;main.c: 164: adcValue = readADC();
   303  06EB  26BD               	fcall	_readADC
   304  06EC  0871               	movf	?_readADC+1,w
   305  06ED  1283               	bcf	3,5	;RP0=0, select bank0
   306  06EE  01A1               	clrf	_adcValue+1
   307  06EF  07A1               	addwf	_adcValue+1,f
   308  06F0  0870               	movf	?_readADC,w
   309  06F1  01A0               	clrf	_adcValue
   310  06F2  07A0               	addwf	_adcValue,f
   311                           
   312                           ;main.c: 165: tempDegF = mapToDegF(adcValue);
   313  06F3  0821               	movf	_adcValue+1,w
   314  06F4  01F7               	clrf	?_mapToDegF+1
   315  06F5  07F7               	addwf	?_mapToDegF+1,f
   316  06F6  0820               	movf	_adcValue,w
   317  06F7  01F6               	clrf	?_mapToDegF
   318  06F8  07F6               	addwf	?_mapToDegF,f
   319  06F9  2749               	fcall	_mapToDegF
   320  06FA  00FD               	movwf	??_main
   321  06FB  087D               	movf	??_main,w
   322  06FC  1283               	bcf	3,5	;RP0=0, select bank0
   323  06FD  00A6               	movwf	_tempDegF
   324                           
   325                           ;main.c: 166: fanSpeed = getFanSpeed(tempDegF);
   326  06FE  0826               	movf	_tempDegF,w
   327  06FF  270F               	fcall	_getFanSpeed
   328  0700  0877               	movf	?_getFanSpeed+1,w
   329  0701  1283               	bcf	3,5	;RP0=0, select bank0
   330  0702  01A5               	clrf	_fanSpeed+1
   331  0703  07A5               	addwf	_fanSpeed+1,f
   332  0704  0876               	movf	?_getFanSpeed,w
   333  0705  01A4               	clrf	_fanSpeed
   334  0706  07A4               	addwf	_fanSpeed,f
   335                           
   336                           ;main.c: 167: rampToSpeed(fanSpeed);
   337  0707  0825               	movf	_fanSpeed+1,w
   338  0708  01F1               	clrf	?_rampToSpeed+1
   339  0709  07F1               	addwf	?_rampToSpeed+1,f
   340  070A  0824               	movf	_fanSpeed,w
   341  070B  01F0               	clrf	?_rampToSpeed
   342  070C  07F0               	addwf	?_rampToSpeed,f
   343  070D  279A               	fcall	_rampToSpeed
   344  070E  2EEA               	goto	l79
   345  070F                     __end_of_main:	
   346                           ;main.c: 168: }
   347                           ;main.c: 170: return (0);
   348                           ;	Return value of _main is never used
   349                           
   350                           
   351                           	psect	text1
   352  079A                     __ptext1:	
   353 ;; *************** function _rampToSpeed *****************
   354 ;; Defined at:
   355 ;;		line 133 in file "D:/Programming/LocalGit/FanController/FanController.X/main.c"
   356 ;; Parameters:    Size  Location     Type
   357 ;;  targetSpeed     2    0[COMMON] const unsigned int 
   358 ;; Auto vars:     Size  Location     Type
   359 ;;  currentSpeed    2    8[COMMON] unsigned int 
   360 ;;  command         2    6[COMMON] unsigned int 
   361 ;; Return value:  Size  Location     Type
   362 ;;		None               void
   363 ;; Registers used:
   364 ;;		wreg, status,2, status,0
   365 ;; Tracked objects:
   366 ;;		On entry : 0/0
   367 ;;		On exit  : 0/0
   368 ;;		Unchanged: 0/0
   369 ;; Data sizes:     COMMON   BANK0   BANK1
   370 ;;      Params:         2       0       0
   371 ;;      Locals:         4       0       0
   372 ;;      Temps:          4       0       0
   373 ;;      Totals:        10       0       0
   374 ;;Total ram usage:       10 bytes
   375 ;; Hardware stack levels used:    1
   376 ;; This function calls:
   377 ;;		Nothing
   378 ;; This function is called by:
   379 ;;		_main
   380 ;; This function uses a non-reentrant model
   381 ;;
   382                           
   383                           
   384                           ;psect for function _rampToSpeed
   385  079A                     _rampToSpeed:	
   386                           
   387                           ;main.c: 134: uint16_t currentSpeed = (CCPR1L<<2) + CCP1CONbits.DC1B;
   388                           
   389                           ;incstack = 0
   390                           ; Regs used in _rampToSpeed: [wreg+status,2+status,0]
   391  079A  1283               	bcf	3,5	;RP0=0, select bank0
   392  079B  0813               	movf	19,w	;volatile
   393  079C  00F2               	movwf	??_rampToSpeed
   394  079D  01F3               	clrf	??_rampToSpeed+1
   395  079E  1003               	clrc
   396  079F  0DF2               	rlf	??_rampToSpeed,f
   397  07A0  0DF3               	rlf	??_rampToSpeed+1,f
   398  07A1  1003               	clrc
   399  07A2  0DF2               	rlf	??_rampToSpeed,f
   400  07A3  0DF3               	rlf	??_rampToSpeed+1,f
   401  07A4  0E15               	swapf	21,w	;volatile
   402  07A5  3903               	andlw	3
   403  07A6  0772               	addwf	??_rampToSpeed,w
   404  07A7  00F4               	movwf	??_rampToSpeed+2
   405  07A8  3000               	movlw	0
   406  07A9  1803               	skipnc
   407  07AA  3001               	movlw	1
   408  07AB  0773               	addwf	??_rampToSpeed+1,w
   409  07AC  00F5               	movwf	??_rampToSpeed+3
   410  07AD  0874               	movf	??_rampToSpeed+2,w
   411  07AE  00F8               	movwf	rampToSpeed@currentSpeed
   412  07AF  0875               	movf	??_rampToSpeed+3,w
   413  07B0  00F9               	movwf	rampToSpeed@currentSpeed+1
   414                           
   415                           ;main.c: 135: uint16_t command = currentSpeed;
   416  07B1  0879               	movf	rampToSpeed@currentSpeed+1,w
   417  07B2  01F7               	clrf	rampToSpeed@command+1
   418  07B3  07F7               	addwf	rampToSpeed@command+1,f
   419  07B4  0878               	movf	rampToSpeed@currentSpeed,w
   420  07B5  01F6               	clrf	rampToSpeed@command
   421  07B6  07F6               	addwf	rampToSpeed@command,f
   422                           
   423                           ;main.c: 137: ++delayLooper;
   424  07B7  3001               	movlw	1
   425  07B8  07A2               	addwf	_delayLooper,f
   426  07B9  1803               	skipnc
   427  07BA  0AA3               	incf	_delayLooper+1,f
   428  07BB  3000               	movlw	0
   429  07BC  07A3               	addwf	_delayLooper+1,f
   430                           
   431                           ;main.c: 138: if(delayLooper > 20)
   432  07BD  3000               	movlw	0
   433  07BE  0223               	subwf	_delayLooper+1,w
   434  07BF  3015               	movlw	21
   435  07C0  1903               	skipnz
   436  07C1  0222               	subwf	_delayLooper,w
   437  07C2  1C03               	skipc
   438  07C3  2FE2               	goto	l779
   439                           
   440                           ;main.c: 139: {
   441                           ;main.c: 140: delayLooper = 0;
   442  07C4  01A2               	clrf	_delayLooper
   443  07C5  01A3               	clrf	_delayLooper+1
   444                           
   445                           ;main.c: 141: if(targetSpeed > currentSpeed)
   446  07C6  0871               	movf	rampToSpeed@targetSpeed+1,w
   447  07C7  0279               	subwf	rampToSpeed@currentSpeed+1,w
   448  07C8  1D03               	skipz
   449  07C9  2FCC               	goto	u195
   450  07CA  0870               	movf	rampToSpeed@targetSpeed,w
   451  07CB  0278               	subwf	rampToSpeed@currentSpeed,w
   452  07CC                     u195:	
   453  07CC  1803               	skipnc
   454  07CD  2FD4               	goto	l74
   455                           
   456                           ;main.c: 142: ++command;
   457  07CE  3001               	movlw	1
   458  07CF  07F6               	addwf	rampToSpeed@command,f
   459  07D0  1803               	skipnc
   460  07D1  0AF7               	incf	rampToSpeed@command+1,f
   461  07D2  3000               	movlw	0
   462  07D3  07F7               	addwf	rampToSpeed@command+1,f
   463  07D4                     l74:	
   464                           
   465                           ;main.c: 143: if(targetSpeed < currentSpeed)
   466  07D4  0879               	movf	rampToSpeed@currentSpeed+1,w
   467  07D5  0271               	subwf	rampToSpeed@targetSpeed+1,w
   468  07D6  1D03               	skipz
   469  07D7  2FDA               	goto	u205
   470  07D8  0878               	movf	rampToSpeed@currentSpeed,w
   471  07D9  0270               	subwf	rampToSpeed@targetSpeed,w
   472  07DA                     u205:	
   473  07DA  1803               	skipnc
   474  07DB  2FE2               	goto	l779
   475                           
   476                           ;main.c: 144: --command;
   477  07DC  3001               	movlw	1
   478  07DD  02F6               	subwf	rampToSpeed@command,f
   479  07DE  3000               	movlw	0
   480  07DF  1C03               	skipc
   481  07E0  03F7               	decf	rampToSpeed@command+1,f
   482  07E1  02F7               	subwf	rampToSpeed@command+1,f
   483  07E2                     l779:	
   484                           
   485                           ;main.c: 145: }
   486                           ;main.c: 146: CCP1CONbits.DC1B = command;
   487  07E2  0876               	movf	rampToSpeed@command,w
   488  07E3  00F2               	movwf	??_rampToSpeed
   489  07E4  0EF2               	swapf	??_rampToSpeed,f
   490  07E5  0815               	movf	21,w	;volatile
   491  07E6  0672               	xorwf	??_rampToSpeed,w
   492  07E7  39CF               	andlw	-49
   493  07E8  0672               	xorwf	??_rampToSpeed,w
   494  07E9  0095               	movwf	21	;volatile
   495                           
   496                           ;main.c: 147: CCPR1L = (command>>2);
   497  07EA  0877               	movf	rampToSpeed@command+1,w
   498  07EB  00F3               	movwf	??_rampToSpeed+1
   499  07EC  0876               	movf	rampToSpeed@command,w
   500  07ED  00F2               	movwf	??_rampToSpeed
   501  07EE  1003               	clrc
   502  07EF  0CF3               	rrf	??_rampToSpeed+1,f
   503  07F0  0CF2               	rrf	??_rampToSpeed,f
   504  07F1  1003               	clrc
   505  07F2  0CF3               	rrf	??_rampToSpeed+1,f
   506  07F3  0CF2               	rrf	??_rampToSpeed,f
   507  07F4  0872               	movf	??_rampToSpeed,w
   508  07F5  0093               	movwf	19	;volatile
   509  07F6  0008               	return
   510  07F7                     __end_of_rampToSpeed:	
   511                           
   512                           	psect	text2
   513  070F                     __ptext2:	
   514 ;; *************** function _getFanSpeed *****************
   515 ;; Defined at:
   516 ;;		line 115 in file "D:/Programming/LocalGit/FanController/FanController.X/main.c"
   517 ;; Parameters:    Size  Location     Type
   518 ;;  tempF           1    wreg     const unsigned char 
   519 ;; Auto vars:     Size  Location     Type
   520 ;;  tempF           1   12[COMMON] const unsigned char 
   521 ;;  fanSpeed        2   10[COMMON] unsigned int 
   522 ;; Return value:  Size  Location     Type
   523 ;;                  2    6[COMMON] unsigned int 
   524 ;; Registers used:
   525 ;;		wreg, status,2, status,0, pclath, cstack
   526 ;; Tracked objects:
   527 ;;		On entry : 0/0
   528 ;;		On exit  : 0/0
   529 ;;		Unchanged: 0/0
   530 ;; Data sizes:     COMMON   BANK0   BANK1
   531 ;;      Params:         2       0       0
   532 ;;      Locals:         3       0       0
   533 ;;      Temps:          2       0       0
   534 ;;      Totals:         7       0       0
   535 ;;Total ram usage:        7 bytes
   536 ;; Hardware stack levels used:    1
   537 ;; Hardware stack levels required when called:    1
   538 ;; This function calls:
   539 ;;		___wmul
   540 ;; This function is called by:
   541 ;;		_main
   542 ;; This function uses a non-reentrant model
   543 ;;
   544                           
   545                           
   546                           ;psect for function _getFanSpeed
   547  070F                     _getFanSpeed:	
   548                           
   549                           ;incstack = 0
   550                           ; Regs used in _getFanSpeed: [wreg+status,2+status,0+pclath+cstack]
   551                           ;getFanSpeed@tempF stored from wreg
   552  070F  00FC               	movwf	getFanSpeed@tempF
   553                           
   554                           ;main.c: 117: uint16_t fanSpeed;
   555                           ;main.c: 118: if(tempF < 165)
   556  0710  30A5               	movlw	165
   557  0711  027C               	subwf	getFanSpeed@tempF,w
   558  0712  1803               	skipnc
   559  0713  2F17               	goto	l839
   560                           
   561                           ;main.c: 119: fanSpeed = 0;
   562  0714  01FA               	clrf	getFanSpeed@fanSpeed
   563  0715  01FB               	clrf	getFanSpeed@fanSpeed+1
   564  0716  2F37               	goto	l64
   565  0717                     l839:	
   566                           
   567                           ;main.c: 120: else if((tempF >= 165) && (tempF <= 201))
   568  0717  30A5               	movlw	165
   569  0718  027C               	subwf	getFanSpeed@tempF,w
   570  0719  1C03               	skipc
   571  071A  2F33               	goto	l845
   572  071B  30CA               	movlw	202
   573  071C  027C               	subwf	getFanSpeed@tempF,w
   574  071D  1803               	skipnc
   575  071E  2F33               	goto	l845
   576                           
   577                           ;main.c: 121: fanSpeed = (((uint16_t)tempF)*12) - 1394;
   578  071F  087C               	movf	getFanSpeed@tempF,w
   579  0720  00F8               	movwf	??_getFanSpeed
   580  0721  01F9               	clrf	??_getFanSpeed+1
   581  0722  0878               	movf	??_getFanSpeed,w
   582  0723  00F0               	movwf	?___wmul
   583  0724  0879               	movf	??_getFanSpeed+1,w
   584  0725  00F1               	movwf	?___wmul+1
   585  0726  300C               	movlw	12
   586  0727  00F2               	movwf	?___wmul+2
   587  0728  3000               	movlw	0
   588  0729  00F3               	movwf	?___wmul+3
   589  072A  269A               	fcall	___wmul
   590  072B  0870               	movf	?___wmul,w
   591  072C  3E8E               	addlw	142
   592  072D  00FA               	movwf	getFanSpeed@fanSpeed
   593  072E  0871               	movf	?___wmul+1,w
   594  072F  1803               	skipnc
   595  0730  3E01               	addlw	1
   596  0731  3EFA               	addlw	250
   597  0732  2F36               	goto	L1
   598  0733                     l845:	
   599                           
   600                           ;main.c: 122: else
   601                           ;main.c: 123: fanSpeed = 1023;
   602  0733  30FF               	movlw	255
   603  0734  00FA               	movwf	getFanSpeed@fanSpeed
   604  0735  3003               	movlw	3
   605  0736                     L1:	
   606  0736  00FB               	movwf	getFanSpeed@fanSpeed+1
   607  0737                     l64:	
   608                           
   609                           ;main.c: 125: if(fanSpeed > 1023)
   610  0737  3004               	movlw	4
   611  0738  027B               	subwf	getFanSpeed@fanSpeed+1,w
   612  0739  3000               	movlw	0
   613  073A  1903               	skipnz
   614  073B  027A               	subwf	getFanSpeed@fanSpeed,w
   615  073C  1C03               	skipc
   616  073D  2F42               	goto	l849
   617                           
   618                           ;main.c: 126: fanSpeed = 1023;
   619  073E  30FF               	movlw	255
   620  073F  00FA               	movwf	getFanSpeed@fanSpeed
   621  0740  3003               	movlw	3
   622  0741  00FB               	movwf	getFanSpeed@fanSpeed+1
   623  0742                     l849:	
   624                           
   625                           ;main.c: 128: return fanSpeed;
   626  0742  087B               	movf	getFanSpeed@fanSpeed+1,w
   627  0743  01F7               	clrf	?_getFanSpeed+1
   628  0744  07F7               	addwf	?_getFanSpeed+1,f
   629  0745  087A               	movf	getFanSpeed@fanSpeed,w
   630  0746  01F6               	clrf	?_getFanSpeed
   631  0747  07F6               	addwf	?_getFanSpeed,f
   632  0748  0008               	return
   633  0749                     __end_of_getFanSpeed:	
   634                           
   635                           	psect	text3
   636  0749                     __ptext3:	
   637 ;; *************** function _mapToDegF *****************
   638 ;; Defined at:
   639 ;;		line 94 in file "D:/Programming/LocalGit/FanController/FanController.X/main.c"
   640 ;; Parameters:    Size  Location     Type
   641 ;;  adc             2    6[COMMON] const unsigned int 
   642 ;; Auto vars:     Size  Location     Type
   643 ;;  result          2   10[COMMON] unsigned int 
   644 ;; Return value:  Size  Location     Type
   645 ;;                  1    wreg      unsigned char 
   646 ;; Registers used:
   647 ;;		wreg, status,2, status,0, pclath, cstack
   648 ;; Tracked objects:
   649 ;;		On entry : 0/0
   650 ;;		On exit  : 0/0
   651 ;;		Unchanged: 0/0
   652 ;; Data sizes:     COMMON   BANK0   BANK1
   653 ;;      Params:         2       0       0
   654 ;;      Locals:         2       0       0
   655 ;;      Temps:          2       0       0
   656 ;;      Totals:         6       0       0
   657 ;;Total ram usage:        6 bytes
   658 ;; Hardware stack levels used:    1
   659 ;; Hardware stack levels required when called:    1
   660 ;; This function calls:
   661 ;;		___wmul
   662 ;; This function is called by:
   663 ;;		_main
   664 ;; This function uses a non-reentrant model
   665 ;;
   666                           
   667                           
   668                           ;psect for function _mapToDegF
   669  0749                     _mapToDegF:	
   670                           
   671                           ;main.c: 95: if(adc < 281)
   672                           
   673                           ;incstack = 0
   674                           ; Regs used in _mapToDegF: [wreg+status,2+status,0+pclath+cstack]
   675  0749  3001               	movlw	1
   676  074A  0277               	subwf	mapToDegF@adc+1,w
   677  074B  3019               	movlw	25
   678  074C  1903               	skipnz
   679  074D  0276               	subwf	mapToDegF@adc,w
   680  074E  1803               	skipnc
   681  074F  2F52               	goto	l815
   682                           
   683                           ;main.c: 96: {
   684                           ;main.c: 97: return 245;
   685  0750  30F5               	movlw	245
   686                           
   687                           ;main.c: 98: }
   688  0751  0008               	return
   689  0752                     l815:	
   690                           
   691                           ;main.c: 99: else if(adc > 837)
   692  0752  3003               	movlw	3
   693  0753  0277               	subwf	mapToDegF@adc+1,w
   694  0754  3046               	movlw	70
   695  0755  1903               	skipnz
   696  0756  0276               	subwf	mapToDegF@adc,w
   697  0757  1C03               	skipc
   698  0758  2F5B               	goto	l823
   699                           
   700                           ;main.c: 100: {
   701                           ;main.c: 101: return 113;
   702  0759  3071               	movlw	113
   703                           
   704                           ;main.c: 102: }
   705  075A  0008               	return
   706  075B                     l823:	
   707                           
   708                           ;main.c: 103: else
   709                           ;main.c: 104: {
   710                           ;main.c: 105: uint16_t result = adc;
   711  075B  0877               	movf	mapToDegF@adc+1,w
   712  075C  01FB               	clrf	mapToDegF@result+1
   713  075D  07FB               	addwf	mapToDegF@result+1,f
   714  075E  0876               	movf	mapToDegF@adc,w
   715  075F  01FA               	clrf	mapToDegF@result
   716  0760  07FA               	addwf	mapToDegF@result,f
   717                           
   718                           ;main.c: 106: result *= 15;
   719  0761  300F               	movlw	15
   720  0762  00F0               	movwf	?___wmul
   721  0763  3000               	movlw	0
   722  0764  00F1               	movwf	?___wmul+1
   723  0765  087B               	movf	mapToDegF@result+1,w
   724  0766  01F3               	clrf	?___wmul+3
   725  0767  07F3               	addwf	?___wmul+3,f
   726  0768  087A               	movf	mapToDegF@result,w
   727  0769  01F2               	clrf	?___wmul+2
   728  076A  07F2               	addwf	?___wmul+2,f
   729  076B  269A               	fcall	___wmul
   730  076C  0871               	movf	?___wmul+1,w
   731  076D  01FB               	clrf	mapToDegF@result+1
   732  076E  07FB               	addwf	mapToDegF@result+1,f
   733  076F  0870               	movf	?___wmul,w
   734  0770  01FA               	clrf	mapToDegF@result
   735  0771  07FA               	addwf	mapToDegF@result,f
   736                           
   737                           ;main.c: 107: result *= -1;
   738  0772  30FF               	movlw	255
   739  0773  00F0               	movwf	?___wmul
   740  0774  30FF               	movlw	255
   741  0775  00F1               	movwf	?___wmul+1
   742  0776  087B               	movf	mapToDegF@result+1,w
   743  0777  01F3               	clrf	?___wmul+3
   744  0778  07F3               	addwf	?___wmul+3,f
   745  0779  087A               	movf	mapToDegF@result,w
   746  077A  01F2               	clrf	?___wmul+2
   747  077B  07F2               	addwf	?___wmul+2,f
   748  077C  269A               	fcall	___wmul
   749  077D  0871               	movf	?___wmul+1,w
   750  077E  01FB               	clrf	mapToDegF@result+1
   751  077F  07FB               	addwf	mapToDegF@result+1,f
   752  0780  0870               	movf	?___wmul,w
   753  0781  01FA               	clrf	mapToDegF@result
   754  0782  07FA               	addwf	mapToDegF@result,f
   755                           
   756                           ;main.c: 108: result += 19826;
   757  0783  3072               	movlw	114
   758  0784  07FA               	addwf	mapToDegF@result,f
   759  0785  1803               	skipnc
   760  0786  0AFB               	incf	mapToDegF@result+1,f
   761  0787  304D               	movlw	77
   762  0788  07FB               	addwf	mapToDegF@result+1,f
   763                           
   764                           ;main.c: 109: result = (result>>6);
   765  0789  087B               	movf	mapToDegF@result+1,w
   766  078A  00F9               	movwf	??_mapToDegF+1
   767  078B  087A               	movf	mapToDegF@result,w
   768  078C  00F8               	movwf	??_mapToDegF
   769  078D  3006               	movlw	6
   770  078E                     u285:	
   771  078E  1003               	clrc
   772  078F  0CF9               	rrf	??_mapToDegF+1,f
   773  0790  0CF8               	rrf	??_mapToDegF,f
   774  0791  3EFF               	addlw	-1
   775  0792  1D03               	skipz
   776  0793  2F8E               	goto	u285
   777  0794  0878               	movf	??_mapToDegF,w
   778  0795  00FA               	movwf	mapToDegF@result
   779  0796  0879               	movf	??_mapToDegF+1,w
   780  0797  00FB               	movwf	mapToDegF@result+1
   781                           
   782                           ;main.c: 110: return (uint8_t)result;
   783  0798  087A               	movf	mapToDegF@result,w
   784  0799  0008               	return
   785  079A                     __end_of_mapToDegF:	
   786                           
   787                           	psect	text4
   788  069A                     __ptext4:	
   789 ;; *************** function ___wmul *****************
   790 ;; Defined at:
   791 ;;		line 3 in file "D:\Program Files\Microchip\xc8\v1.21\sources\pic\wmul.c"
   792 ;; Parameters:    Size  Location     Type
   793 ;;  multiplier      2    0[COMMON] unsigned int 
   794 ;;  multiplicand    2    2[COMMON] unsigned int 
   795 ;; Auto vars:     Size  Location     Type
   796 ;;  product         2    4[COMMON] unsigned int 
   797 ;; Return value:  Size  Location     Type
   798 ;;                  2    0[COMMON] unsigned int 
   799 ;; Registers used:
   800 ;;		wreg, status,2, status,0
   801 ;; Tracked objects:
   802 ;;		On entry : 0/0
   803 ;;		On exit  : 0/0
   804 ;;		Unchanged: 0/0
   805 ;; Data sizes:     COMMON   BANK0   BANK1
   806 ;;      Params:         4       0       0
   807 ;;      Locals:         2       0       0
   808 ;;      Temps:          0       0       0
   809 ;;      Totals:         6       0       0
   810 ;;Total ram usage:        6 bytes
   811 ;; Hardware stack levels used:    1
   812 ;; This function calls:
   813 ;;		Nothing
   814 ;; This function is called by:
   815 ;;		_mapToDegF
   816 ;;		_getFanSpeed
   817 ;; This function uses a non-reentrant model
   818 ;;
   819                           
   820                           
   821                           ;psect for function ___wmul
   822  069A                     ___wmul:	
   823                           
   824                           ;incstack = 0
   825                           ; Regs used in ___wmul: [wreg+status,2+status,0]
   826  069A  01F4               	clrf	___wmul@product
   827  069B  01F5               	clrf	___wmul@product+1
   828  069C                     l785:	
   829  069C  1C70               	btfss	___wmul@multiplier,0
   830  069D  2EA4               	goto	l515
   831  069E  0872               	movf	___wmul@multiplicand,w
   832  069F  07F4               	addwf	___wmul@product,f
   833  06A0  1803               	skipnc
   834  06A1  0AF5               	incf	___wmul@product+1,f
   835  06A2  0873               	movf	___wmul@multiplicand+1,w
   836  06A3  07F5               	addwf	___wmul@product+1,f
   837  06A4                     l515:	
   838  06A4  3001               	movlw	1
   839  06A5                     u225:	
   840  06A5  1003               	clrc
   841  06A6  0DF2               	rlf	___wmul@multiplicand,f
   842  06A7  0DF3               	rlf	___wmul@multiplicand+1,f
   843  06A8  3EFF               	addlw	-1
   844  06A9  1D03               	skipz
   845  06AA  2EA5               	goto	u225
   846  06AB  3001               	movlw	1
   847  06AC                     u235:	
   848  06AC  1003               	clrc
   849  06AD  0CF1               	rrf	___wmul@multiplier+1,f
   850  06AE  0CF0               	rrf	___wmul@multiplier,f
   851  06AF  3EFF               	addlw	-1
   852  06B0  1D03               	skipz
   853  06B1  2EAC               	goto	u235
   854  06B2  0871               	movf	___wmul@multiplier+1,w
   855  06B3  0470               	iorwf	___wmul@multiplier,w
   856  06B4  1D03               	skipz
   857  06B5  2E9C               	goto	l785
   858  06B6  0875               	movf	___wmul@product+1,w
   859  06B7  01F1               	clrf	?___wmul+1
   860  06B8  07F1               	addwf	?___wmul+1,f
   861  06B9  0874               	movf	___wmul@product,w
   862  06BA  01F0               	clrf	?___wmul
   863  06BB  07F0               	addwf	?___wmul,f
   864  06BC  0008               	return
   865  06BD                     __end_of___wmul:	
   866                           
   867                           	psect	text5
   868  06BD                     __ptext5:	
   869 ;; *************** function _readADC *****************
   870 ;; Defined at:
   871 ;;		line 80 in file "D:/Programming/LocalGit/FanController/FanController.X/main.c"
   872 ;; Parameters:    Size  Location     Type
   873 ;;		None
   874 ;; Auto vars:     Size  Location     Type
   875 ;;  result          2    4[COMMON] unsigned int 
   876 ;; Return value:  Size  Location     Type
   877 ;;                  2    0[COMMON] unsigned int 
   878 ;; Registers used:
   879 ;;		wreg, status,2, status,0, btemp+1
   880 ;; Tracked objects:
   881 ;;		On entry : 0/0
   882 ;;		On exit  : 0/0
   883 ;;		Unchanged: 0/0
   884 ;; Data sizes:     COMMON   BANK0   BANK1
   885 ;;      Params:         2       0       0
   886 ;;      Locals:         2       0       0
   887 ;;      Temps:          2       0       0
   888 ;;      Totals:         6       0       0
   889 ;;Total ram usage:        6 bytes
   890 ;; Hardware stack levels used:    1
   891 ;; This function calls:
   892 ;;		Nothing
   893 ;; This function is called by:
   894 ;;		_main
   895 ;; This function uses a non-reentrant model
   896 ;;
   897                           
   898                           
   899                           ;psect for function _readADC
   900  06BD                     _readADC:	
   901                           
   902                           ;main.c: 81: uint16_t result = 0;
   903                           
   904                           ;incstack = 0
   905                           ; Regs used in _readADC: [wreg+status,2+status,0+btemp+1]
   906  06BD  01F4               	clrf	readADC@result
   907  06BE  01F5               	clrf	readADC@result+1
   908                           
   909                           ;main.c: 82: ADCON0bits.GO_DONE = 1;
   910  06BF  1283               	bcf	3,5	;RP0=0, select bank0
   911  06C0  149F               	bsf	31,1	;volatile
   912  06C1                     l50:	
   913                           ;main.c: 83: while(ADCON0bits.GO_DONE)
   914                           
   915  06C1  1283               	bcf	3,5	;RP0=0, select bank0
   916  06C2  1C9F               	btfss	31,1	;volatile
   917  06C3  2EC6               	goto	l799
   918                           
   919                           ;main.c: 84: {
   920                           ;main.c: 85: _nop();
   921  06C4  0000               	nop
   922  06C5  2EC1               	goto	l50
   923  06C6                     l799:	
   924                           
   925                           ;main.c: 86: }
   926                           ;main.c: 87: result = ADRESL;
   927  06C6  1683               	bsf	3,5	;RP0=1, select bank1
   928  06C7  081E               	movf	30,w	;volatile
   929  06C8  00F2               	movwf	??_readADC
   930  06C9  01F3               	clrf	??_readADC+1
   931  06CA  0872               	movf	??_readADC,w
   932  06CB  00F4               	movwf	readADC@result
   933  06CC  0873               	movf	??_readADC+1,w
   934  06CD  00F5               	movwf	readADC@result+1
   935                           
   936                           ;main.c: 88: result += (((uint16_t)ADRESH)<<8);
   937  06CE  1283               	bcf	3,5	;RP0=0, select bank0
   938  06CF  081E               	movf	30,w	;volatile
   939  06D0  00F2               	movwf	??_readADC
   940  06D1  01F3               	clrf	??_readADC+1
   941  06D2  0872               	movf	??_readADC,w
   942  06D3  00F3               	movwf	??_readADC+1
   943  06D4  01F2               	clrf	??_readADC
   944  06D5  0872               	movf	??_readADC,w
   945  06D6  07F4               	addwf	readADC@result,f
   946  06D7  1803               	skipnc
   947  06D8  0AF5               	incf	readADC@result+1,f
   948  06D9  0873               	movf	??_readADC+1,w
   949  06DA  07F5               	addwf	readADC@result+1,f
   950                           
   951                           ;main.c: 90: return result;
   952  06DB  0875               	movf	readADC@result+1,w
   953  06DC  01F1               	clrf	?_readADC+1
   954  06DD  07F1               	addwf	?_readADC+1,f
   955  06DE  0874               	movf	readADC@result,w
   956  06DF  01F0               	clrf	?_readADC
   957  06E0  07F0               	addwf	?_readADC,f
   958  06E1  0008               	return
   959  06E2                     __end_of_readADC:	
   960                           
   961                           	psect	text6
   962  0686                     __ptext6:	
   963 ;; *************** function _SetupPWM *****************
   964 ;; Defined at:
   965 ;;		line 68 in file "D:/Programming/LocalGit/FanController/FanController.X/main.c"
   966 ;; Parameters:    Size  Location     Type
   967 ;;		None
   968 ;; Auto vars:     Size  Location     Type
   969 ;;		None
   970 ;; Return value:  Size  Location     Type
   971 ;;		None               void
   972 ;; Registers used:
   973 ;;		wreg, status,2, status,0
   974 ;; Tracked objects:
   975 ;;		On entry : 0/0
   976 ;;		On exit  : 0/0
   977 ;;		Unchanged: 0/0
   978 ;; Data sizes:     COMMON   BANK0   BANK1
   979 ;;      Params:         0       0       0
   980 ;;      Locals:         0       0       0
   981 ;;      Temps:          0       0       0
   982 ;;      Totals:         0       0       0
   983 ;;Total ram usage:        0 bytes
   984 ;; Hardware stack levels used:    1
   985 ;; This function calls:
   986 ;;		Nothing
   987 ;; This function is called by:
   988 ;;		_main
   989 ;; This function uses a non-reentrant model
   990 ;;
   991                           
   992                           
   993                           ;psect for function _SetupPWM
   994  0686                     _SetupPWM:	
   995                           
   996                           ;main.c: 69: T2CONbits.TOUTPS = 0;
   997                           
   998                           ;incstack = 0
   999                           ; Regs used in _SetupPWM: [wreg+status,2+status,0]
  1000  0686  3087               	movlw	-121
  1001  0687  1283               	bcf	3,5	;RP0=0, select bank0
  1002  0688  0592               	andwf	18,f	;volatile
  1003                           
  1004                           ;main.c: 70: T2CONbits.T2CKPS = 0;
  1005  0689  30FC               	movlw	-4
  1006  068A  0592               	andwf	18,f	;volatile
  1007                           
  1008                           ;main.c: 71: T2CONbits.TMR2ON = 1;
  1009  068B  1512               	bsf	18,2	;volatile
  1010                           
  1011                           ;main.c: 72: TRISIObits.TRISIO2 = 0;
  1012  068C  1683               	bsf	3,5	;RP0=1, select bank1
  1013  068D  1105               	bcf	5,2	;volatile
  1014                           
  1015                           ;main.c: 73: CCP1CONbits.CCP1M = 0b00001100;
  1016  068E  1283               	bcf	3,5	;RP0=0, select bank0
  1017  068F  0815               	movf	21,w	;volatile
  1018  0690  39F0               	andlw	-16
  1019  0691  380C               	iorlw	12
  1020  0692  0095               	movwf	21	;volatile
  1021                           
  1022                           ;main.c: 74: CCP1CONbits.DC1B = 0;
  1023  0693  30CF               	movlw	-49
  1024  0694  0595               	andwf	21,f	;volatile
  1025                           
  1026                           ;main.c: 75: CCPR1L = 0;
  1027  0695  0193               	clrf	19	;volatile
  1028                           
  1029                           ;main.c: 76: PR2 = 0xFF;
  1030  0696  30FF               	movlw	255
  1031  0697  1683               	bsf	3,5	;RP0=1, select bank1
  1032  0698  0092               	movwf	18	;volatile
  1033  0699  0008               	return
  1034  069A                     __end_of_SetupPWM:	
  1035                           
  1036                           	psect	text7
  1037  066A                     __ptext7:	
  1038 ;; *************** function _SetupADC *****************
  1039 ;; Defined at:
  1040 ;;		line 59 in file "D:/Programming/LocalGit/FanController/FanController.X/main.c"
  1041 ;; Parameters:    Size  Location     Type
  1042 ;;		None
  1043 ;; Auto vars:     Size  Location     Type
  1044 ;;		None
  1045 ;; Return value:  Size  Location     Type
  1046 ;;		None               void
  1047 ;; Registers used:
  1048 ;;		wreg, status,2, status,0
  1049 ;; Tracked objects:
  1050 ;;		On entry : 0/0
  1051 ;;		On exit  : 0/0
  1052 ;;		Unchanged: 0/0
  1053 ;; Data sizes:     COMMON   BANK0   BANK1
  1054 ;;      Params:         0       0       0
  1055 ;;      Locals:         0       0       0
  1056 ;;      Temps:          0       0       0
  1057 ;;      Totals:         0       0       0
  1058 ;;Total ram usage:        0 bytes
  1059 ;; Hardware stack levels used:    1
  1060 ;; This function calls:
  1061 ;;		Nothing
  1062 ;; This function is called by:
  1063 ;;		_main
  1064 ;; This function uses a non-reentrant model
  1065 ;;
  1066                           
  1067                           
  1068                           ;psect for function _SetupADC
  1069  066A                     _SetupADC:	
  1070                           
  1071                           ;main.c: 60: ANSELbits.ADCS = 0b00000110;
  1072                           
  1073                           ;incstack = 0
  1074                           ; Regs used in _SetupADC: [wreg+status,2+status,0]
  1075  066A  1683               	bsf	3,5	;RP0=1, select bank1
  1076  066B  081F               	movf	31,w	;volatile
  1077  066C  398F               	andlw	-113
  1078  066D  3860               	iorlw	96
  1079  066E  009F               	movwf	31	;volatile
  1080                           
  1081                           ;main.c: 61: ADCON0bits.ADFM = 1;
  1082  066F  1283               	bcf	3,5	;RP0=0, select bank0
  1083  0670  179F               	bsf	31,7	;volatile
  1084                           
  1085                           ;main.c: 62: ADCON0bits.VCFG = 0;
  1086  0671  131F               	bcf	31,6	;volatile
  1087                           
  1088                           ;main.c: 63: ADCON0bits.CHS = 0;
  1089  0672  30F3               	movlw	-13
  1090  0673  059F               	andwf	31,f	;volatile
  1091                           
  1092                           ;main.c: 64: ADCON0bits.ADON = 1;
  1093  0674  141F               	bsf	31,0	;volatile
  1094  0675  0008               	return
  1095  0676                     __end_of_SetupADC:	
  1096                           
  1097                           	psect	text8
  1098  065F                     __ptext8:	
  1099 ;; *************** function _SetupPinIO *****************
  1100 ;; Defined at:
  1101 ;;		line 46 in file "D:/Programming/LocalGit/FanController/FanController.X/main.c"
  1102 ;; Parameters:    Size  Location     Type
  1103 ;;		None
  1104 ;; Auto vars:     Size  Location     Type
  1105 ;;		None
  1106 ;; Return value:  Size  Location     Type
  1107 ;;		None               void
  1108 ;; Registers used:
  1109 ;;		None
  1110 ;; Tracked objects:
  1111 ;;		On entry : 0/0
  1112 ;;		On exit  : 0/0
  1113 ;;		Unchanged: 0/0
  1114 ;; Data sizes:     COMMON   BANK0   BANK1
  1115 ;;      Params:         0       0       0
  1116 ;;      Locals:         0       0       0
  1117 ;;      Temps:          0       0       0
  1118 ;;      Totals:         0       0       0
  1119 ;;Total ram usage:        0 bytes
  1120 ;; Hardware stack levels used:    1
  1121 ;; This function calls:
  1122 ;;		Nothing
  1123 ;; This function is called by:
  1124 ;;		_main
  1125 ;; This function uses a non-reentrant model
  1126 ;;
  1127                           
  1128                           
  1129                           ;psect for function _SetupPinIO
  1130  065F                     _SetupPinIO:	
  1131                           
  1132                           ;main.c: 47: ANSELbits.ANS0 = 1;
  1133                           
  1134                           ;incstack = 0
  1135                           ; Regs used in _SetupPinIO: []
  1136  065F  1683               	bsf	3,5	;RP0=1, select bank1
  1137  0660  141F               	bsf	31,0	;volatile
  1138                           
  1139                           ;main.c: 48: ANSELbits.ANS1 = 0;
  1140  0661  109F               	bcf	31,1	;volatile
  1141                           
  1142                           ;main.c: 49: ANSELbits.ANS2 = 0;
  1143  0662  111F               	bcf	31,2	;volatile
  1144                           
  1145                           ;main.c: 50: ANSELbits.ANS3 = 0;
  1146  0663  119F               	bcf	31,3	;volatile
  1147                           
  1148                           ;main.c: 51: TRISIObits.TRISIO0 = 1;
  1149  0664  1405               	bsf	5,0	;volatile
  1150                           
  1151                           ;main.c: 52: TRISIObits.TRISIO1 = 0;
  1152  0665  1085               	bcf	5,1	;volatile
  1153                           
  1154                           ;main.c: 53: TRISIObits.TRISIO2 = 0;
  1155  0666  1105               	bcf	5,2	;volatile
  1156                           
  1157                           ;main.c: 54: TRISIObits.TRISIO4 = 0;
  1158  0667  1205               	bcf	5,4	;volatile
  1159                           
  1160                           ;main.c: 55: TRISIObits.TRISIO5 = 0;
  1161  0668  1285               	bcf	5,5	;volatile
  1162  0669  0008               	return
  1163  066A                     __end_of_SetupPinIO:	
  1164                           
  1165                           	psect	text9
  1166  0676                     __ptext9:	
  1167 ;; *************** function _SetupOscillator *****************
  1168 ;; Defined at:
  1169 ;;		line 36 in file "D:/Programming/LocalGit/FanController/FanController.X/main.c"
  1170 ;; Parameters:    Size  Location     Type
  1171 ;;		None
  1172 ;; Auto vars:     Size  Location     Type
  1173 ;;		None
  1174 ;; Return value:  Size  Location     Type
  1175 ;;		None               void
  1176 ;; Registers used:
  1177 ;;		wreg, status,2, status,0
  1178 ;; Tracked objects:
  1179 ;;		On entry : 0/0
  1180 ;;		On exit  : 0/0
  1181 ;;		Unchanged: 0/0
  1182 ;; Data sizes:     COMMON   BANK0   BANK1
  1183 ;;      Params:         0       0       0
  1184 ;;      Locals:         0       0       0
  1185 ;;      Temps:          0       0       0
  1186 ;;      Totals:         0       0       0
  1187 ;;Total ram usage:        0 bytes
  1188 ;; Hardware stack levels used:    1
  1189 ;; This function calls:
  1190 ;;		Nothing
  1191 ;; This function is called by:
  1192 ;;		_main
  1193 ;; This function uses a non-reentrant model
  1194 ;;
  1195                           
  1196                           
  1197                           ;psect for function _SetupOscillator
  1198  0676                     _SetupOscillator:	
  1199                           
  1200                           ;main.c: 37: OSCCONbits.IRCF = 0b00000110;
  1201                           
  1202                           ;incstack = 0
  1203                           ; Regs used in _SetupOscillator: [wreg+status,2+status,0]
  1204  0676  1683               	bsf	3,5	;RP0=1, select bank1
  1205  0677  080F               	movf	15,w	;volatile
  1206  0678  398F               	andlw	-113
  1207  0679  3860               	iorlw	96
  1208  067A  008F               	movwf	15	;volatile
  1209                           
  1210                           ;main.c: 38: OSCCONbits.OSTS = 0;
  1211  067B  118F               	bcf	15,3	;volatile
  1212                           
  1213                           ;main.c: 39: OSCCONbits.SCS = 1;
  1214  067C  140F               	bsf	15,0	;volatile
  1215                           
  1216                           ;main.c: 40: WDTCONbits.WDTPS = 0b00000101;
  1217  067D  1283               	bcf	3,5	;RP0=0, select bank0
  1218  067E  0818               	movf	24,w	;volatile
  1219  067F  39E1               	andlw	-31
  1220  0680  380A               	iorlw	10
  1221  0681  0098               	movwf	24	;volatile
  1222  0682                     l35:	
  1223                           ;main.c: 42: while(!OSCCONbits.HTS) {}
  1224                           
  1225  0682  1683               	bsf	3,5	;RP0=1, select bank1
  1226  0683  190F               	btfsc	15,2	;volatile
  1227  0684  0008               	return
  1228  0685  2E82               	goto	l35
  1229  0686                     __end_of_SetupOscillator:	
  1230  007E                     btemp	set	126	;btemp
  1231  007E                     wtemp0	set	126


Data Sizes:
    Strings     0
    Constant    0
    Data        0
    BSS         7
    Persistent  0
    Stack       0

Auto Spaces:
    Space          Size  Autos    Used
    COMMON           14     14      14
    BANK0            80      4      11
    BANK1            32      0       0

Pointer List with Targets:

    ?_getFanSpeed	unsigned int  size(1) Largest target is 0

    ?___wmul	unsigned int  size(1) Largest target is 0

    ?_readADC	unsigned int  size(1) Largest target is 0


Critical Paths under _main in COMMON

    _main->_getFanSpeed
    _getFanSpeed->___wmul
    _mapToDegF->___wmul

Critical Paths under _main in BANK0

    None.

Critical Paths under _main in BANK1

    None.

Call Graph Tables:

 ---------------------------------------------------------------------------------
 (Depth) Function   	        Calls       Base Space   Used Autos Params    Refs
 ---------------------------------------------------------------------------------
 (0) _main                                                 5     1      4     662
                                             13 COMMON     1     1      0
                                              0 BANK0      4     0      4
                    _SetupOscillator
                         _SetupPinIO
                           _SetupADC
                           _SetupPWM
                            _readADC
                          _mapToDegF
                        _getFanSpeed
                        _rampToSpeed
 ---------------------------------------------------------------------------------
 (1) _rampToSpeed                                         10     8      2     158
                                              0 COMMON    10     8      2
 ---------------------------------------------------------------------------------
 (1) _getFanSpeed                                          7     5      2     228
                                              6 COMMON     7     5      2
                             ___wmul
 ---------------------------------------------------------------------------------
 (1) _mapToDegF                                            6     4      2     251
                                              6 COMMON     6     4      2
                             ___wmul
 ---------------------------------------------------------------------------------
 (2) ___wmul                                               6     2      4      92
                                              0 COMMON     6     2      4
 ---------------------------------------------------------------------------------
 (1) _readADC                                              6     4      2      25
                                              0 COMMON     6     4      2
 ---------------------------------------------------------------------------------
 (1) _SetupPWM                                             0     0      0       0
 ---------------------------------------------------------------------------------
 (1) _SetupADC                                             0     0      0       0
 ---------------------------------------------------------------------------------
 (1) _SetupPinIO                                           0     0      0       0
 ---------------------------------------------------------------------------------
 (1) _SetupOscillator                                      0     0      0       0
 ---------------------------------------------------------------------------------
 Estimated maximum stack depth 2
 ---------------------------------------------------------------------------------

 Call Graph Graphs:

 _main (ROOT)
   _SetupOscillator
   _SetupPinIO
   _SetupADC
   _SetupPWM
   _readADC
   _mapToDegF
     ___wmul
   _getFanSpeed
     ___wmul
   _rampToSpeed

 Address spaces:
Name               Size   Autos  Total    Cost      Usage
BITCOMMON            E      0       0       0        0.0%
EEDATA             100      0       0       0        0.0%
NULL                 0      0       0       0        0.0%
CODE                 0      0       0       0        0.0%
COMMON               E      E       E       1      100.0%
BITSFR0              0      0       0       1        0.0%
SFR0                 0      0       0       1        0.0%
BITSFR1              0      0       0       2        0.0%
SFR1                 0      0       0       2        0.0%
STACK                0      0       2       2        0.0%
BITBANK0            50      0       0       3        0.0%
BANK0               50      4       B       4       13.8%
BANK1               20      0       0       5        0.0%
ABS                  0      0      19       6        0.0%
BITBANK1            20      0       0       7        0.0%
DATA                 0      0      1B       8        0.0%


Microchip Technology PIC Macro Assembler V1.21 build 54009 
Symbol Table                                                                                   Fri Aug 21 20:56:58 2015

             __CFG_CP$OFF 0000                        l50 06C1                        l35 0682  
                      l64 0737                        l74 07D4                        l79 06EA  
     ___wmul@multiplicand 0072                       l515 06A4                       l823 075B  
                     l815 0752                       l845 0733                       l839 0717  
                     l785 069C                       l849 0742                       l779 07E2  
                     l799 06C6                       u205 07DA                       u225 06A5  
                     u235 06AC                       _PR2 0092              __CFG_CPD$OFF 0000  
                     u195 07CC                       u285 078E              __CFG_IESO$ON 0000  
 __end_of_SetupOscillator 0686              __CFG_WDTE$ON 0000             __CFG_FCMEN$ON 0000  
                    _main 06E2                      btemp 007E             __CFG_BOREN$ON 0000  
                    start 0000              mapToDegF@adc 0076                     ?_main 0027  
         __end_of_readADC 06E2                     status 0003                     wtemp0 007E  
            ?_rampToSpeed 0070            __CFG_MCLRE$OFF 0000           __initialization 07F7  
            __end_of_main 070F      __size_of_getFanSpeed 003A                    ??_main 007D  
        __end_of_SetupADC 0676          __end_of_SetupPWM 069A          ?_SetupOscillator 0070  
                  _ADRESH 001E                    _ADRESL 009E                    _CCPR1L 0013  
          __CFG_PWRTE$OFF 0000                    ___wmul 069A                _SetupPinIO 065F  
               ??_readADC 0072   __end_of__initialization 07FE            __pcstackCOMMON 0070  
      __size_of_mapToDegF 0051                __pbssBANK0 0020                __pmaintext 06E2  
               ?_SetupADC 0070                 ?_SetupPWM 0070      __size_of_rampToSpeed 005D  
                 ?___wmul 0070               ?_SetupPinIO 0070       getFanSpeed@fanSpeed 007A  
              ??_SetupADC 0070                ??_SetupPWM 0070         __end_of_mapToDegF 079A  
         __size_of___wmul 0023                 _ANSELbits 009F             readADC@result 0074  
                 __ptext0 0000                   __ptext1 079A                   __ptext2 070F  
                 __ptext3 0749                   __ptext4 069A                   __ptext5 06BD  
                 __ptext6 0686                   __ptext7 066A                   __ptext8 065F  
                 __ptext9 0676                   _readADC 06BD                 _T2CONbits 0012  
    end_of_initialization 07FE       __size_of_SetupPinIO 000B             ??_getFanSpeed 0078  
      rampToSpeed@command 0076               _CCP1CONbits 0015  __size_of_SetupOscillator 0010  
 rampToSpeed@currentSpeed 0078            __end_of___wmul 06BD       __end_of_getFanSpeed 0749  
     start_initialization 07F7                  ??___wmul 0074         __size_of_SetupADC 000C  
       __size_of_SetupPWM 0014              ??_SetupPinIO 0070             __pcstackBANK0 0027  
             _delayLooper 0022        __end_of_SetupPinIO 066A             ??_rampToSpeed 0072  
             _getFanSpeed 070F         ??_SetupOscillator 0070          getFanSpeed@tempF 007C  
               _mapToDegF 0749                  ?_readADC 0070           mapToDegF@result 007A  
          ___wmul@product 0074                  _GPIObits 0005       __end_of_rampToSpeed 07F7  
              ?_mapToDegF 0076                _ADCON0bits 001F         ___wmul@multiplier 0070  
                _SetupADC 066A                  _SetupPWM 0686                  _adcValue 0020  
        __size_of_readADC 0025                  _fanSpeed 0024             __size_of_main 002D  
  rampToSpeed@targetSpeed 0070               _rampToSpeed 079A                  _tempDegF 0026  
                main@argc 0027                  main@argv 0029               ??_mapToDegF 0078  
         _SetupOscillator 0676              ?_getFanSpeed 0076                _OSCCONbits 008F  
              _WDTCONbits 0018        __CFG_FOSC$INTOSCIO 0000                _TRISIObits 0085  
